<?xml version="1.0" encoding="UTF-8"?>
<!-- Generated by org.testng.reporters.JUnitReportReporter -->
<testsuite hostname="P-142" failures="0" tests="3" name="SL_Suite.LoginPageTest" time="30.624" errors="0" timestamp="2024-02-12T14:39:24 IST" skipped="0">
  <testcase classname="SL_Suite.LoginPageTest" name="validCheck" time="9.873"/>
  <system-out/>
  <testcase classname="SL_Suite.LoginPageTest" name="invalidCredentialCheck" time="12.049"/>
  <system-out/>
  <testcase classname="SL_Suite.LoginPageTest" name="verifyLoginPageElements" time="8.702"/>
  <system-out/>
</testsuite> <!-- SL_Suite.LoginPageTest -->
