<?xml version="1.0" encoding="UTF-8"?>
<!-- Generated by org.testng.reporters.JUnitReportReporter -->
<testsuite hostname="P-142" failures="0" tests="3" name="SL_Suite.LoginPageTest" time="30.785" errors="0" timestamp="2024-02-11T18:38:46 IST" skipped="0">
  <testcase classname="SL_Suite.LoginPageTest" name="invalidCredentialCheck" time="14.997"/>
  <system-out/>
  <testcase classname="SL_Suite.LoginPageTest" name="validCheck" time="9.990"/>
  <system-out/>
  <testcase classname="SL_Suite.LoginPageTest" name="verifyLoginPageElements" time="5.798"/>
  <system-out/>
</testsuite> <!-- SL_Suite.LoginPageTest -->
